ERROR - 2022-04-03 02:33:03 --> Error connecting to the database: Unknown database 'edukasi'
CRITICAL - 2022-04-03 02:33:03 --> Unable to connect to the database.
Main connection [MySQLi]: Unknown database 'edukasi'
#0 C:\laragon\www\CI_4\system\Database\BaseConnection.php(577): CodeIgniter\Database\BaseConnection->initialize()
#1 C:\laragon\www\CI_4\system\Database\BaseBuilder.php(1455): CodeIgniter\Database\BaseConnection->query('SELECT *\nFROM `...', Array, false)
#2 C:\laragon\www\CI_4\system\Model.php(183): CodeIgniter\Database\BaseBuilder->get()
#3 C:\laragon\www\CI_4\system\BaseModel.php(584): CodeIgniter\Model->doFindAll(0, 0)
#4 C:\laragon\www\CI_4\app\Controllers\Home.php(15): CodeIgniter\BaseModel->findAll()
#5 C:\laragon\www\CI_4\system\CodeIgniter.php(832): App\Controllers\Home->index()
#6 C:\laragon\www\CI_4\system\CodeIgniter.php(419): CodeIgniter\CodeIgniter->runController(Object(App\Controllers\Home))
#7 C:\laragon\www\CI_4\system\CodeIgniter.php(326): CodeIgniter\CodeIgniter->handleRequest(NULL, Object(Config\Cache), false)
#8 C:\laragon\www\CI_4\public\index.php(37): CodeIgniter\CodeIgniter->run()
#9 C:\laragon\www\CI_4\system\Commands\Server\rewrite.php(43): require_once('C:\\laragon\\www\\...')
#10 {main}
ERROR - 2022-04-03 02:33:07 --> Error connecting to the database: Unknown database 'edukasi'
CRITICAL - 2022-04-03 02:33:07 --> Unable to connect to the database.
Main connection [MySQLi]: Unknown database 'edukasi'
#0 C:\laragon\www\CI_4\system\Database\BaseConnection.php(577): CodeIgniter\Database\BaseConnection->initialize()
#1 C:\laragon\www\CI_4\system\Database\BaseBuilder.php(1455): CodeIgniter\Database\BaseConnection->query('SELECT *\nFROM `...', Array, false)
#2 C:\laragon\www\CI_4\system\Model.php(183): CodeIgniter\Database\BaseBuilder->get()
#3 C:\laragon\www\CI_4\system\BaseModel.php(584): CodeIgniter\Model->doFindAll(0, 0)
#4 C:\laragon\www\CI_4\app\Controllers\Home.php(15): CodeIgniter\BaseModel->findAll()
#5 C:\laragon\www\CI_4\system\CodeIgniter.php(832): App\Controllers\Home->index()
#6 C:\laragon\www\CI_4\system\CodeIgniter.php(419): CodeIgniter\CodeIgniter->runController(Object(App\Controllers\Home))
#7 C:\laragon\www\CI_4\system\CodeIgniter.php(326): CodeIgniter\CodeIgniter->handleRequest(NULL, Object(Config\Cache), false)
#8 C:\laragon\www\CI_4\public\index.php(37): CodeIgniter\CodeIgniter->run()
#9 C:\laragon\www\CI_4\system\Commands\Server\rewrite.php(43): require_once('C:\\laragon\\www\\...')
#10 {main}
ERROR - 2022-04-03 02:33:11 --> Error connecting to the database: Unknown database 'edukasi'
CRITICAL - 2022-04-03 02:33:11 --> Unable to connect to the database.
Main connection [MySQLi]: Unknown database 'edukasi'
#0 C:\laragon\www\CI_4\system\Database\BaseConnection.php(577): CodeIgniter\Database\BaseConnection->initialize()
#1 C:\laragon\www\CI_4\system\Database\BaseBuilder.php(1455): CodeIgniter\Database\BaseConnection->query('SELECT *\nFROM `...', Array, false)
#2 C:\laragon\www\CI_4\system\Model.php(183): CodeIgniter\Database\BaseBuilder->get()
#3 C:\laragon\www\CI_4\system\BaseModel.php(584): CodeIgniter\Model->doFindAll(0, 0)
#4 C:\laragon\www\CI_4\app\Controllers\Home.php(15): CodeIgniter\BaseModel->findAll()
#5 C:\laragon\www\CI_4\system\CodeIgniter.php(832): App\Controllers\Home->index()
#6 C:\laragon\www\CI_4\system\CodeIgniter.php(419): CodeIgniter\CodeIgniter->runController(Object(App\Controllers\Home))
#7 C:\laragon\www\CI_4\system\CodeIgniter.php(326): CodeIgniter\CodeIgniter->handleRequest(NULL, Object(Config\Cache), false)
#8 C:\laragon\www\CI_4\public\index.php(37): CodeIgniter\CodeIgniter->run()
#9 C:\laragon\www\CI_4\system\Commands\Server\rewrite.php(43): require_once('C:\\laragon\\www\\...')
#10 {main}
ERROR - 2022-04-03 02:33:44 --> Error connecting to the database: Unknown database 'edukasi'
CRITICAL - 2022-04-03 02:33:44 --> Unable to connect to the database.
Main connection [MySQLi]: Unknown database 'edukasi'
#0 C:\laragon\www\CI_4\system\Database\BaseConnection.php(577): CodeIgniter\Database\BaseConnection->initialize()
#1 C:\laragon\www\CI_4\system\Database\BaseBuilder.php(1455): CodeIgniter\Database\BaseConnection->query('SELECT *\nFROM `...', Array, false)
#2 C:\laragon\www\CI_4\system\Model.php(183): CodeIgniter\Database\BaseBuilder->get()
#3 C:\laragon\www\CI_4\system\BaseModel.php(584): CodeIgniter\Model->doFindAll(0, 0)
#4 C:\laragon\www\CI_4\app\Controllers\Home.php(15): CodeIgniter\BaseModel->findAll()
#5 C:\laragon\www\CI_4\system\CodeIgniter.php(832): App\Controllers\Home->index()
#6 C:\laragon\www\CI_4\system\CodeIgniter.php(419): CodeIgniter\CodeIgniter->runController(Object(App\Controllers\Home))
#7 C:\laragon\www\CI_4\system\CodeIgniter.php(326): CodeIgniter\CodeIgniter->handleRequest(NULL, Object(Config\Cache), false)
#8 C:\laragon\www\CI_4\public\index.php(37): CodeIgniter\CodeIgniter->run()
#9 C:\laragon\www\CI_4\system\Commands\Server\rewrite.php(43): require_once('C:\\laragon\\www\\...')
#10 {main}
ERROR - 2022-04-03 22:46:10 --> Error connecting to the database: Unknown database 'edukasi'
CRITICAL - 2022-04-03 22:46:10 --> Unable to connect to the database.
Main connection [MySQLi]: Unknown database 'edukasi'
#0 C:\laragon\www\CI_4\system\Database\BaseConnection.php(577): CodeIgniter\Database\BaseConnection->initialize()
#1 C:\laragon\www\CI_4\system\Database\BaseBuilder.php(1455): CodeIgniter\Database\BaseConnection->query('SELECT *\nFROM `...', Array, false)
#2 C:\laragon\www\CI_4\system\Model.php(183): CodeIgniter\Database\BaseBuilder->get()
#3 C:\laragon\www\CI_4\system\BaseModel.php(584): CodeIgniter\Model->doFindAll(0, 0)
#4 C:\laragon\www\CI_4\app\Controllers\Home.php(15): CodeIgniter\BaseModel->findAll()
#5 C:\laragon\www\CI_4\system\CodeIgniter.php(832): App\Controllers\Home->index()
#6 C:\laragon\www\CI_4\system\CodeIgniter.php(419): CodeIgniter\CodeIgniter->runController(Object(App\Controllers\Home))
#7 C:\laragon\www\CI_4\system\CodeIgniter.php(326): CodeIgniter\CodeIgniter->handleRequest(NULL, Object(Config\Cache), false)
#8 C:\laragon\www\CI_4\public\index.php(37): CodeIgniter\CodeIgniter->run()
#9 C:\laragon\www\CI_4\system\Commands\Server\rewrite.php(43): require_once('C:\\laragon\\www\\...')
#10 {main}
CRITICAL - 2022-04-03 23:09:17 --> Class 'App\Controllers\OrganisasiModel' not found
#0 C:\laragon\www\CI_4\system\CodeIgniter.php(809): App\Controllers\Home->__construct()
#1 C:\laragon\www\CI_4\system\CodeIgniter.php(410): CodeIgniter\CodeIgniter->createController()
#2 C:\laragon\www\CI_4\system\CodeIgniter.php(326): CodeIgniter\CodeIgniter->handleRequest(NULL, Object(Config\Cache), false)
#3 C:\laragon\www\CI_4\public\index.php(37): CodeIgniter\CodeIgniter->run()
#4 C:\laragon\www\CI_4\system\Commands\Server\rewrite.php(43): require_once('C:\\laragon\\www\\...')
#5 {main}
CRITICAL - 2022-04-03 23:09:18 --> Class 'App\Controllers\OrganisasiModel' not found
#0 C:\laragon\www\CI_4\system\CodeIgniter.php(809): App\Controllers\Home->__construct()
#1 C:\laragon\www\CI_4\system\CodeIgniter.php(410): CodeIgniter\CodeIgniter->createController()
#2 C:\laragon\www\CI_4\system\CodeIgniter.php(326): CodeIgniter\CodeIgniter->handleRequest(NULL, Object(Config\Cache), false)
#3 C:\laragon\www\CI_4\public\index.php(37): CodeIgniter\CodeIgniter->run()
#4 C:\laragon\www\CI_4\system\Commands\Server\rewrite.php(43): require_once('C:\\laragon\\www\\...')
#5 {main}
CRITICAL - 2022-04-03 23:10:06 --> Undefined index: nama_org
#0 C:\laragon\www\CI_4\app\Views\home.php(348): CodeIgniter\Debug\Exceptions->errorHandler(8, 'Undefined index...', 'C:\\laragon\\www\\...', 348, Array)
#1 C:\laragon\www\CI_4\system\View\View.php(210): include('C:\\laragon\\www\\...')
#2 C:\laragon\www\CI_4\system\View\View.php(213): CodeIgniter\View\View->CodeIgniter\View\{closure}()
#3 C:\laragon\www\CI_4\system\Common.php(1089): CodeIgniter\View\View->render('home', Array, true)
#4 C:\laragon\www\CI_4\app\Controllers\Home.php(26): view('home', Array)
#5 C:\laragon\www\CI_4\system\CodeIgniter.php(832): App\Controllers\Home->index()
#6 C:\laragon\www\CI_4\system\CodeIgniter.php(419): CodeIgniter\CodeIgniter->runController(Object(App\Controllers\Home))
#7 C:\laragon\www\CI_4\system\CodeIgniter.php(326): CodeIgniter\CodeIgniter->handleRequest(NULL, Object(Config\Cache), false)
#8 C:\laragon\www\CI_4\public\index.php(37): CodeIgniter\CodeIgniter->run()
#9 C:\laragon\www\CI_4\system\Commands\Server\rewrite.php(43): require_once('C:\\laragon\\www\\...')
#10 {main}
CRITICAL - 2022-04-03 23:10:07 --> Undefined index: nama_org
#0 C:\laragon\www\CI_4\app\Views\home.php(348): CodeIgniter\Debug\Exceptions->errorHandler(8, 'Undefined index...', 'C:\\laragon\\www\\...', 348, Array)
#1 C:\laragon\www\CI_4\system\View\View.php(210): include('C:\\laragon\\www\\...')
#2 C:\laragon\www\CI_4\system\View\View.php(213): CodeIgniter\View\View->CodeIgniter\View\{closure}()
#3 C:\laragon\www\CI_4\system\Common.php(1089): CodeIgniter\View\View->render('home', Array, true)
#4 C:\laragon\www\CI_4\app\Controllers\Home.php(26): view('home', Array)
#5 C:\laragon\www\CI_4\system\CodeIgniter.php(832): App\Controllers\Home->index()
#6 C:\laragon\www\CI_4\system\CodeIgniter.php(419): CodeIgniter\CodeIgniter->runController(Object(App\Controllers\Home))
#7 C:\laragon\www\CI_4\system\CodeIgniter.php(326): CodeIgniter\CodeIgniter->handleRequest(NULL, Object(Config\Cache), false)
#8 C:\laragon\www\CI_4\public\index.php(37): CodeIgniter\CodeIgniter->run()
#9 C:\laragon\www\CI_4\system\Commands\Server\rewrite.php(43): require_once('C:\\laragon\\www\\...')
#10 {main}
CRITICAL - 2022-04-03 23:10:07 --> Undefined index: nama_org
#0 C:\laragon\www\CI_4\app\Views\home.php(348): CodeIgniter\Debug\Exceptions->errorHandler(8, 'Undefined index...', 'C:\\laragon\\www\\...', 348, Array)
#1 C:\laragon\www\CI_4\system\View\View.php(210): include('C:\\laragon\\www\\...')
#2 C:\laragon\www\CI_4\system\View\View.php(213): CodeIgniter\View\View->CodeIgniter\View\{closure}()
#3 C:\laragon\www\CI_4\system\Common.php(1089): CodeIgniter\View\View->render('home', Array, true)
#4 C:\laragon\www\CI_4\app\Controllers\Home.php(26): view('home', Array)
#5 C:\laragon\www\CI_4\system\CodeIgniter.php(832): App\Controllers\Home->index()
#6 C:\laragon\www\CI_4\system\CodeIgniter.php(419): CodeIgniter\CodeIgniter->runController(Object(App\Controllers\Home))
#7 C:\laragon\www\CI_4\system\CodeIgniter.php(326): CodeIgniter\CodeIgniter->handleRequest(NULL, Object(Config\Cache), false)
#8 C:\laragon\www\CI_4\public\index.php(37): CodeIgniter\CodeIgniter->run()
#9 C:\laragon\www\CI_4\system\Commands\Server\rewrite.php(43): require_once('C:\\laragon\\www\\...')
#10 {main}
