CRITICAL - 2022-03-27 22:38:52 --> Cannot redeclare App\Controllers\Home::index()
#0 [internal function]: CodeIgniter\Debug\Exceptions->shutdownHandler()
#1 {main}
CRITICAL - 2022-03-27 22:39:30 --> syntax error, unexpected 'protected' (T_PROTECTED), expecting '{'
#0 C:\laragon\www\CI_4\system\Autoloader\Autoloader.php(241): CodeIgniter\Autoloader\Autoloader->includeFile('C:\\laragon\\www\\...')
#1 C:\laragon\www\CI_4\system\Autoloader\Autoloader.php(219): CodeIgniter\Autoloader\Autoloader->loadInNamespace('App\\Controllers...')
#2 [internal function]: CodeIgniter\Autoloader\Autoloader->loadClass('App\\Controllers...')
#3 [internal function]: spl_autoload_call('App\\Controllers...')
#4 C:\laragon\www\CI_4\system\CodeIgniter.php(797): class_exists('\\App\\Controller...', true)
#5 C:\laragon\www\CI_4\system\CodeIgniter.php(406): CodeIgniter\CodeIgniter->startController()
#6 C:\laragon\www\CI_4\system\CodeIgniter.php(326): CodeIgniter\CodeIgniter->handleRequest(NULL, Object(Config\Cache), false)
#7 C:\laragon\www\CI_4\public\index.php(37): CodeIgniter\CodeIgniter->run()
#8 C:\laragon\www\CI_4\system\Commands\Server\rewrite.php(43): require_once('C:\\laragon\\www\\...')
#9 {main}
CRITICAL - 2022-03-27 22:39:31 --> syntax error, unexpected 'protected' (T_PROTECTED), expecting '{'
#0 C:\laragon\www\CI_4\system\Autoloader\Autoloader.php(241): CodeIgniter\Autoloader\Autoloader->includeFile('C:\\laragon\\www\\...')
#1 C:\laragon\www\CI_4\system\Autoloader\Autoloader.php(219): CodeIgniter\Autoloader\Autoloader->loadInNamespace('App\\Controllers...')
#2 [internal function]: CodeIgniter\Autoloader\Autoloader->loadClass('App\\Controllers...')
#3 [internal function]: spl_autoload_call('App\\Controllers...')
#4 C:\laragon\www\CI_4\system\CodeIgniter.php(797): class_exists('\\App\\Controller...', true)
#5 C:\laragon\www\CI_4\system\CodeIgniter.php(406): CodeIgniter\CodeIgniter->startController()
#6 C:\laragon\www\CI_4\system\CodeIgniter.php(326): CodeIgniter\CodeIgniter->handleRequest(NULL, Object(Config\Cache), false)
#7 C:\laragon\www\CI_4\public\index.php(37): CodeIgniter\CodeIgniter->run()
#8 C:\laragon\www\CI_4\system\Commands\Server\rewrite.php(43): require_once('C:\\laragon\\www\\...')
#9 {main}
CRITICAL - 2022-03-27 22:41:50 --> syntax error, unexpected 'class' (T_CLASS), expecting ';' or ','
#0 C:\laragon\www\CI_4\system\Autoloader\Autoloader.php(241): CodeIgniter\Autoloader\Autoloader->includeFile('C:\\laragon\\www\\...')
#1 C:\laragon\www\CI_4\system\Autoloader\Autoloader.php(219): CodeIgniter\Autoloader\Autoloader->loadInNamespace('App\\Models\\Port...')
#2 [internal function]: CodeIgniter\Autoloader\Autoloader->loadClass('App\\Models\\Port...')
#3 C:\laragon\www\CI_4\app\Controllers\Home.php(11): spl_autoload_call('App\\Models\\Port...')
#4 C:\laragon\www\CI_4\system\CodeIgniter.php(809): App\Controllers\Home->__construct()
#5 C:\laragon\www\CI_4\system\CodeIgniter.php(410): CodeIgniter\CodeIgniter->createController()
#6 C:\laragon\www\CI_4\system\CodeIgniter.php(326): CodeIgniter\CodeIgniter->handleRequest(NULL, Object(Config\Cache), false)
#7 C:\laragon\www\CI_4\public\index.php(37): CodeIgniter\CodeIgniter->run()
#8 C:\laragon\www\CI_4\system\Commands\Server\rewrite.php(43): require_once('C:\\laragon\\www\\...')
#9 {main}
CRITICAL - 2022-03-27 22:41:51 --> syntax error, unexpected 'class' (T_CLASS), expecting ';' or ','
#0 C:\laragon\www\CI_4\system\Autoloader\Autoloader.php(241): CodeIgniter\Autoloader\Autoloader->includeFile('C:\\laragon\\www\\...')
#1 C:\laragon\www\CI_4\system\Autoloader\Autoloader.php(219): CodeIgniter\Autoloader\Autoloader->loadInNamespace('App\\Models\\Port...')
#2 [internal function]: CodeIgniter\Autoloader\Autoloader->loadClass('App\\Models\\Port...')
#3 C:\laragon\www\CI_4\app\Controllers\Home.php(11): spl_autoload_call('App\\Models\\Port...')
#4 C:\laragon\www\CI_4\system\CodeIgniter.php(809): App\Controllers\Home->__construct()
#5 C:\laragon\www\CI_4\system\CodeIgniter.php(410): CodeIgniter\CodeIgniter->createController()
#6 C:\laragon\www\CI_4\system\CodeIgniter.php(326): CodeIgniter\CodeIgniter->handleRequest(NULL, Object(Config\Cache), false)
#7 C:\laragon\www\CI_4\public\index.php(37): CodeIgniter\CodeIgniter->run()
#8 C:\laragon\www\CI_4\system\Commands\Server\rewrite.php(43): require_once('C:\\laragon\\www\\...')
#9 {main}
CRITICAL - 2022-03-27 22:41:51 --> syntax error, unexpected 'class' (T_CLASS), expecting ';' or ','
#0 C:\laragon\www\CI_4\system\Autoloader\Autoloader.php(241): CodeIgniter\Autoloader\Autoloader->includeFile('C:\\laragon\\www\\...')
#1 C:\laragon\www\CI_4\system\Autoloader\Autoloader.php(219): CodeIgniter\Autoloader\Autoloader->loadInNamespace('App\\Models\\Port...')
#2 [internal function]: CodeIgniter\Autoloader\Autoloader->loadClass('App\\Models\\Port...')
#3 C:\laragon\www\CI_4\app\Controllers\Home.php(11): spl_autoload_call('App\\Models\\Port...')
#4 C:\laragon\www\CI_4\system\CodeIgniter.php(809): App\Controllers\Home->__construct()
#5 C:\laragon\www\CI_4\system\CodeIgniter.php(410): CodeIgniter\CodeIgniter->createController()
#6 C:\laragon\www\CI_4\system\CodeIgniter.php(326): CodeIgniter\CodeIgniter->handleRequest(NULL, Object(Config\Cache), false)
#7 C:\laragon\www\CI_4\public\index.php(37): CodeIgniter\CodeIgniter->run()
#8 C:\laragon\www\CI_4\system\Commands\Server\rewrite.php(43): require_once('C:\\laragon\\www\\...')
#9 {main}
CRITICAL - 2022-03-27 22:41:51 --> syntax error, unexpected 'class' (T_CLASS), expecting ';' or ','
#0 C:\laragon\www\CI_4\system\Autoloader\Autoloader.php(241): CodeIgniter\Autoloader\Autoloader->includeFile('C:\\laragon\\www\\...')
#1 C:\laragon\www\CI_4\system\Autoloader\Autoloader.php(219): CodeIgniter\Autoloader\Autoloader->loadInNamespace('App\\Models\\Port...')
#2 [internal function]: CodeIgniter\Autoloader\Autoloader->loadClass('App\\Models\\Port...')
#3 C:\laragon\www\CI_4\app\Controllers\Home.php(11): spl_autoload_call('App\\Models\\Port...')
#4 C:\laragon\www\CI_4\system\CodeIgniter.php(809): App\Controllers\Home->__construct()
#5 C:\laragon\www\CI_4\system\CodeIgniter.php(410): CodeIgniter\CodeIgniter->createController()
#6 C:\laragon\www\CI_4\system\CodeIgniter.php(326): CodeIgniter\CodeIgniter->handleRequest(NULL, Object(Config\Cache), false)
#7 C:\laragon\www\CI_4\public\index.php(37): CodeIgniter\CodeIgniter->run()
#8 C:\laragon\www\CI_4\system\Commands\Server\rewrite.php(43): require_once('C:\\laragon\\www\\...')
#9 {main}
CRITICAL - 2022-03-27 22:41:51 --> syntax error, unexpected 'class' (T_CLASS), expecting ';' or ','
#0 C:\laragon\www\CI_4\system\Autoloader\Autoloader.php(241): CodeIgniter\Autoloader\Autoloader->includeFile('C:\\laragon\\www\\...')
#1 C:\laragon\www\CI_4\system\Autoloader\Autoloader.php(219): CodeIgniter\Autoloader\Autoloader->loadInNamespace('App\\Models\\Port...')
#2 [internal function]: CodeIgniter\Autoloader\Autoloader->loadClass('App\\Models\\Port...')
#3 C:\laragon\www\CI_4\app\Controllers\Home.php(11): spl_autoload_call('App\\Models\\Port...')
#4 C:\laragon\www\CI_4\system\CodeIgniter.php(809): App\Controllers\Home->__construct()
#5 C:\laragon\www\CI_4\system\CodeIgniter.php(410): CodeIgniter\CodeIgniter->createController()
#6 C:\laragon\www\CI_4\system\CodeIgniter.php(326): CodeIgniter\CodeIgniter->handleRequest(NULL, Object(Config\Cache), false)
#7 C:\laragon\www\CI_4\public\index.php(37): CodeIgniter\CodeIgniter->run()
#8 C:\laragon\www\CI_4\system\Commands\Server\rewrite.php(43): require_once('C:\\laragon\\www\\...')
#9 {main}
CRITICAL - 2022-03-27 22:41:52 --> syntax error, unexpected 'class' (T_CLASS), expecting ';' or ','
#0 C:\laragon\www\CI_4\system\Autoloader\Autoloader.php(241): CodeIgniter\Autoloader\Autoloader->includeFile('C:\\laragon\\www\\...')
#1 C:\laragon\www\CI_4\system\Autoloader\Autoloader.php(219): CodeIgniter\Autoloader\Autoloader->loadInNamespace('App\\Models\\Port...')
#2 [internal function]: CodeIgniter\Autoloader\Autoloader->loadClass('App\\Models\\Port...')
#3 C:\laragon\www\CI_4\app\Controllers\Home.php(11): spl_autoload_call('App\\Models\\Port...')
#4 C:\laragon\www\CI_4\system\CodeIgniter.php(809): App\Controllers\Home->__construct()
#5 C:\laragon\www\CI_4\system\CodeIgniter.php(410): CodeIgniter\CodeIgniter->createController()
#6 C:\laragon\www\CI_4\system\CodeIgniter.php(326): CodeIgniter\CodeIgniter->handleRequest(NULL, Object(Config\Cache), false)
#7 C:\laragon\www\CI_4\public\index.php(37): CodeIgniter\CodeIgniter->run()
#8 C:\laragon\www\CI_4\system\Commands\Server\rewrite.php(43): require_once('C:\\laragon\\www\\...')
#9 {main}
CRITICAL - 2022-03-27 22:42:25 --> syntax error, unexpected 'class' (T_CLASS), expecting ';' or ','
#0 C:\laragon\www\CI_4\system\Autoloader\Autoloader.php(241): CodeIgniter\Autoloader\Autoloader->includeFile('C:\\laragon\\www\\...')
#1 C:\laragon\www\CI_4\system\Autoloader\Autoloader.php(219): CodeIgniter\Autoloader\Autoloader->loadInNamespace('App\\Models\\Port...')
#2 [internal function]: CodeIgniter\Autoloader\Autoloader->loadClass('App\\Models\\Port...')
#3 C:\laragon\www\CI_4\app\Controllers\Home.php(11): spl_autoload_call('App\\Models\\Port...')
#4 C:\laragon\www\CI_4\system\CodeIgniter.php(809): App\Controllers\Home->__construct()
#5 C:\laragon\www\CI_4\system\CodeIgniter.php(410): CodeIgniter\CodeIgniter->createController()
#6 C:\laragon\www\CI_4\system\CodeIgniter.php(326): CodeIgniter\CodeIgniter->handleRequest(NULL, Object(Config\Cache), false)
#7 C:\laragon\www\CI_4\public\index.php(37): CodeIgniter\CodeIgniter->run()
#8 C:\laragon\www\CI_4\system\Commands\Server\rewrite.php(43): require_once('C:\\laragon\\www\\...')
#9 {main}
CRITICAL - 2022-03-27 22:42:26 --> syntax error, unexpected 'class' (T_CLASS), expecting ';' or ','
#0 C:\laragon\www\CI_4\system\Autoloader\Autoloader.php(241): CodeIgniter\Autoloader\Autoloader->includeFile('C:\\laragon\\www\\...')
#1 C:\laragon\www\CI_4\system\Autoloader\Autoloader.php(219): CodeIgniter\Autoloader\Autoloader->loadInNamespace('App\\Models\\Port...')
#2 [internal function]: CodeIgniter\Autoloader\Autoloader->loadClass('App\\Models\\Port...')
#3 C:\laragon\www\CI_4\app\Controllers\Home.php(11): spl_autoload_call('App\\Models\\Port...')
#4 C:\laragon\www\CI_4\system\CodeIgniter.php(809): App\Controllers\Home->__construct()
#5 C:\laragon\www\CI_4\system\CodeIgniter.php(410): CodeIgniter\CodeIgniter->createController()
#6 C:\laragon\www\CI_4\system\CodeIgniter.php(326): CodeIgniter\CodeIgniter->handleRequest(NULL, Object(Config\Cache), false)
#7 C:\laragon\www\CI_4\public\index.php(37): CodeIgniter\CodeIgniter->run()
#8 C:\laragon\www\CI_4\system\Commands\Server\rewrite.php(43): require_once('C:\\laragon\\www\\...')
#9 {main}
CRITICAL - 2022-03-27 22:42:26 --> syntax error, unexpected 'class' (T_CLASS), expecting ';' or ','
#0 C:\laragon\www\CI_4\system\Autoloader\Autoloader.php(241): CodeIgniter\Autoloader\Autoloader->includeFile('C:\\laragon\\www\\...')
#1 C:\laragon\www\CI_4\system\Autoloader\Autoloader.php(219): CodeIgniter\Autoloader\Autoloader->loadInNamespace('App\\Models\\Port...')
#2 [internal function]: CodeIgniter\Autoloader\Autoloader->loadClass('App\\Models\\Port...')
#3 C:\laragon\www\CI_4\app\Controllers\Home.php(11): spl_autoload_call('App\\Models\\Port...')
#4 C:\laragon\www\CI_4\system\CodeIgniter.php(809): App\Controllers\Home->__construct()
#5 C:\laragon\www\CI_4\system\CodeIgniter.php(410): CodeIgniter\CodeIgniter->createController()
#6 C:\laragon\www\CI_4\system\CodeIgniter.php(326): CodeIgniter\CodeIgniter->handleRequest(NULL, Object(Config\Cache), false)
#7 C:\laragon\www\CI_4\public\index.php(37): CodeIgniter\CodeIgniter->run()
#8 C:\laragon\www\CI_4\system\Commands\Server\rewrite.php(43): require_once('C:\\laragon\\www\\...')
#9 {main}
CRITICAL - 2022-03-27 22:42:26 --> syntax error, unexpected 'class' (T_CLASS), expecting ';' or ','
#0 C:\laragon\www\CI_4\system\Autoloader\Autoloader.php(241): CodeIgniter\Autoloader\Autoloader->includeFile('C:\\laragon\\www\\...')
#1 C:\laragon\www\CI_4\system\Autoloader\Autoloader.php(219): CodeIgniter\Autoloader\Autoloader->loadInNamespace('App\\Models\\Port...')
#2 [internal function]: CodeIgniter\Autoloader\Autoloader->loadClass('App\\Models\\Port...')
#3 C:\laragon\www\CI_4\app\Controllers\Home.php(11): spl_autoload_call('App\\Models\\Port...')
#4 C:\laragon\www\CI_4\system\CodeIgniter.php(809): App\Controllers\Home->__construct()
#5 C:\laragon\www\CI_4\system\CodeIgniter.php(410): CodeIgniter\CodeIgniter->createController()
#6 C:\laragon\www\CI_4\system\CodeIgniter.php(326): CodeIgniter\CodeIgniter->handleRequest(NULL, Object(Config\Cache), false)
#7 C:\laragon\www\CI_4\public\index.php(37): CodeIgniter\CodeIgniter->run()
#8 C:\laragon\www\CI_4\system\Commands\Server\rewrite.php(43): require_once('C:\\laragon\\www\\...')
#9 {main}
CRITICAL - 2022-03-27 22:42:27 --> syntax error, unexpected 'class' (T_CLASS), expecting ';' or ','
#0 C:\laragon\www\CI_4\system\Autoloader\Autoloader.php(241): CodeIgniter\Autoloader\Autoloader->includeFile('C:\\laragon\\www\\...')
#1 C:\laragon\www\CI_4\system\Autoloader\Autoloader.php(219): CodeIgniter\Autoloader\Autoloader->loadInNamespace('App\\Models\\Port...')
#2 [internal function]: CodeIgniter\Autoloader\Autoloader->loadClass('App\\Models\\Port...')
#3 C:\laragon\www\CI_4\app\Controllers\Home.php(11): spl_autoload_call('App\\Models\\Port...')
#4 C:\laragon\www\CI_4\system\CodeIgniter.php(809): App\Controllers\Home->__construct()
#5 C:\laragon\www\CI_4\system\CodeIgniter.php(410): CodeIgniter\CodeIgniter->createController()
#6 C:\laragon\www\CI_4\system\CodeIgniter.php(326): CodeIgniter\CodeIgniter->handleRequest(NULL, Object(Config\Cache), false)
#7 C:\laragon\www\CI_4\public\index.php(37): CodeIgniter\CodeIgniter->run()
#8 C:\laragon\www\CI_4\system\Commands\Server\rewrite.php(43): require_once('C:\\laragon\\www\\...')
#9 {main}
CRITICAL - 2022-03-27 22:42:27 --> syntax error, unexpected 'class' (T_CLASS), expecting ';' or ','
#0 C:\laragon\www\CI_4\system\Autoloader\Autoloader.php(241): CodeIgniter\Autoloader\Autoloader->includeFile('C:\\laragon\\www\\...')
#1 C:\laragon\www\CI_4\system\Autoloader\Autoloader.php(219): CodeIgniter\Autoloader\Autoloader->loadInNamespace('App\\Models\\Port...')
#2 [internal function]: CodeIgniter\Autoloader\Autoloader->loadClass('App\\Models\\Port...')
#3 C:\laragon\www\CI_4\app\Controllers\Home.php(11): spl_autoload_call('App\\Models\\Port...')
#4 C:\laragon\www\CI_4\system\CodeIgniter.php(809): App\Controllers\Home->__construct()
#5 C:\laragon\www\CI_4\system\CodeIgniter.php(410): CodeIgniter\CodeIgniter->createController()
#6 C:\laragon\www\CI_4\system\CodeIgniter.php(326): CodeIgniter\CodeIgniter->handleRequest(NULL, Object(Config\Cache), false)
#7 C:\laragon\www\CI_4\public\index.php(37): CodeIgniter\CodeIgniter->run()
#8 C:\laragon\www\CI_4\system\Commands\Server\rewrite.php(43): require_once('C:\\laragon\\www\\...')
#9 {main}
CRITICAL - 2022-03-27 22:42:27 --> syntax error, unexpected 'class' (T_CLASS), expecting ';' or ','
#0 C:\laragon\www\CI_4\system\Autoloader\Autoloader.php(241): CodeIgniter\Autoloader\Autoloader->includeFile('C:\\laragon\\www\\...')
#1 C:\laragon\www\CI_4\system\Autoloader\Autoloader.php(219): CodeIgniter\Autoloader\Autoloader->loadInNamespace('App\\Models\\Port...')
#2 [internal function]: CodeIgniter\Autoloader\Autoloader->loadClass('App\\Models\\Port...')
#3 C:\laragon\www\CI_4\app\Controllers\Home.php(11): spl_autoload_call('App\\Models\\Port...')
#4 C:\laragon\www\CI_4\system\CodeIgniter.php(809): App\Controllers\Home->__construct()
#5 C:\laragon\www\CI_4\system\CodeIgniter.php(410): CodeIgniter\CodeIgniter->createController()
#6 C:\laragon\www\CI_4\system\CodeIgniter.php(326): CodeIgniter\CodeIgniter->handleRequest(NULL, Object(Config\Cache), false)
#7 C:\laragon\www\CI_4\public\index.php(37): CodeIgniter\CodeIgniter->run()
#8 C:\laragon\www\CI_4\system\Commands\Server\rewrite.php(43): require_once('C:\\laragon\\www\\...')
#9 {main}
CRITICAL - 2022-03-27 22:50:50 --> syntax error, unexpected end of file
#0 C:\laragon\www\CI_4\system\View\View.php(213): CodeIgniter\View\View->CodeIgniter\View\{closure}()
#1 C:\laragon\www\CI_4\system\Common.php(1089): CodeIgniter\View\View->render('home', Array, true)
#2 C:\laragon\www\CI_4\app\Controllers\Home.php(21): view('home', Array)
#3 C:\laragon\www\CI_4\system\CodeIgniter.php(832): App\Controllers\Home->index()
#4 C:\laragon\www\CI_4\system\CodeIgniter.php(419): CodeIgniter\CodeIgniter->runController(Object(App\Controllers\Home))
#5 C:\laragon\www\CI_4\system\CodeIgniter.php(326): CodeIgniter\CodeIgniter->handleRequest(NULL, Object(Config\Cache), false)
#6 C:\laragon\www\CI_4\public\index.php(37): CodeIgniter\CodeIgniter->run()
#7 C:\laragon\www\CI_4\system\Commands\Server\rewrite.php(43): require_once('C:\\laragon\\www\\...')
#8 {main}
