CRITICAL - 2022-03-22 09:24:23 --> Invalid file: welcome_massage.php
#0 C:\laragon\www\CI_4\system\View\View.php(198): CodeIgniter\Exceptions\FrameworkException::forInvalidFile('welcome_massage...')
#1 C:\laragon\www\CI_4\system\Common.php(1089): CodeIgniter\View\View->render('welcome_massage', Array, true)
#2 C:\laragon\www\CI_4\app\Controllers\Home.php(9): view('welcome_massage')
#3 C:\laragon\www\CI_4\system\CodeIgniter.php(832): App\Controllers\Home->index()
#4 C:\laragon\www\CI_4\system\CodeIgniter.php(419): CodeIgniter\CodeIgniter->runController(Object(App\Controllers\Home))
#5 C:\laragon\www\CI_4\system\CodeIgniter.php(326): CodeIgniter\CodeIgniter->handleRequest(NULL, Object(Config\Cache), false)
#6 C:\laragon\www\CI_4\public\index.php(37): CodeIgniter\CodeIgniter->run()
#7 C:\laragon\www\CI_4\system\Commands\Server\rewrite.php(43): require_once('C:\\laragon\\www\\...')
#8 {main}
CRITICAL - 2022-03-22 21:17:19 --> Call to undefined method CodeIgniter\View\View::extends()
#0 C:\laragon\www\CI_4\system\View\View.php(210): include()
#1 C:\laragon\www\CI_4\system\View\View.php(213): CodeIgniter\View\View->CodeIgniter\View\{closure}()
#2 C:\laragon\www\CI_4\system\Common.php(1089): CodeIgniter\View\View->render('home', Array, true)
#3 C:\laragon\www\CI_4\app\Controllers\Home.php(9): view('home')
#4 C:\laragon\www\CI_4\system\CodeIgniter.php(832): App\Controllers\Home->index()
#5 C:\laragon\www\CI_4\system\CodeIgniter.php(419): CodeIgniter\CodeIgniter->runController(Object(App\Controllers\Home))
#6 C:\laragon\www\CI_4\system\CodeIgniter.php(326): CodeIgniter\CodeIgniter->handleRequest(NULL, Object(Config\Cache), false)
#7 C:\laragon\www\CI_4\public\index.php(37): CodeIgniter\CodeIgniter->run()
#8 C:\laragon\www\CI_4\system\Commands\Server\rewrite.php(43): require_once('C:\\laragon\\www\\...')
#9 {main}
CRITICAL - 2022-03-22 21:17:58 --> Call to undefined method CodeIgniter\View\View::extends()
#0 C:\laragon\www\CI_4\system\View\View.php(210): include()
#1 C:\laragon\www\CI_4\system\View\View.php(213): CodeIgniter\View\View->CodeIgniter\View\{closure}()
#2 C:\laragon\www\CI_4\system\Common.php(1089): CodeIgniter\View\View->render('home', Array, true)
#3 C:\laragon\www\CI_4\app\Controllers\Home.php(9): view('home')
#4 C:\laragon\www\CI_4\system\CodeIgniter.php(832): App\Controllers\Home->index()
#5 C:\laragon\www\CI_4\system\CodeIgniter.php(419): CodeIgniter\CodeIgniter->runController(Object(App\Controllers\Home))
#6 C:\laragon\www\CI_4\system\CodeIgniter.php(326): CodeIgniter\CodeIgniter->handleRequest(NULL, Object(Config\Cache), false)
#7 C:\laragon\www\CI_4\public\index.php(37): CodeIgniter\CodeIgniter->run()
#8 C:\laragon\www\CI_4\system\Commands\Server\rewrite.php(43): require_once('C:\\laragon\\www\\...')
#9 {main}
CRITICAL - 2022-03-22 21:17:59 --> Call to undefined method CodeIgniter\View\View::extends()
#0 C:\laragon\www\CI_4\system\View\View.php(210): include()
#1 C:\laragon\www\CI_4\system\View\View.php(213): CodeIgniter\View\View->CodeIgniter\View\{closure}()
#2 C:\laragon\www\CI_4\system\Common.php(1089): CodeIgniter\View\View->render('home', Array, true)
#3 C:\laragon\www\CI_4\app\Controllers\Home.php(9): view('home')
#4 C:\laragon\www\CI_4\system\CodeIgniter.php(832): App\Controllers\Home->index()
#5 C:\laragon\www\CI_4\system\CodeIgniter.php(419): CodeIgniter\CodeIgniter->runController(Object(App\Controllers\Home))
#6 C:\laragon\www\CI_4\system\CodeIgniter.php(326): CodeIgniter\CodeIgniter->handleRequest(NULL, Object(Config\Cache), false)
#7 C:\laragon\www\CI_4\public\index.php(37): CodeIgniter\CodeIgniter->run()
#8 C:\laragon\www\CI_4\system\Commands\Server\rewrite.php(43): require_once('C:\\laragon\\www\\...')
#9 {main}
CRITICAL - 2022-03-22 21:18:14 --> Call to undefined method CodeIgniter\View\View::extends()
#0 C:\laragon\www\CI_4\system\View\View.php(210): include()
#1 C:\laragon\www\CI_4\system\View\View.php(213): CodeIgniter\View\View->CodeIgniter\View\{closure}()
#2 C:\laragon\www\CI_4\system\Common.php(1089): CodeIgniter\View\View->render('home', Array, true)
#3 C:\laragon\www\CI_4\app\Controllers\Home.php(9): view('home')
#4 C:\laragon\www\CI_4\system\CodeIgniter.php(832): App\Controllers\Home->index()
#5 C:\laragon\www\CI_4\system\CodeIgniter.php(419): CodeIgniter\CodeIgniter->runController(Object(App\Controllers\Home))
#6 C:\laragon\www\CI_4\system\CodeIgniter.php(326): CodeIgniter\CodeIgniter->handleRequest(NULL, Object(Config\Cache), false)
#7 C:\laragon\www\CI_4\public\index.php(37): CodeIgniter\CodeIgniter->run()
#8 C:\laragon\www\CI_4\system\Commands\Server\rewrite.php(43): require_once('C:\\laragon\\www\\...')
#9 {main}
CRITICAL - 2022-03-22 21:18:15 --> Call to undefined method CodeIgniter\View\View::extends()
#0 C:\laragon\www\CI_4\system\View\View.php(210): include()
#1 C:\laragon\www\CI_4\system\View\View.php(213): CodeIgniter\View\View->CodeIgniter\View\{closure}()
#2 C:\laragon\www\CI_4\system\Common.php(1089): CodeIgniter\View\View->render('home', Array, true)
#3 C:\laragon\www\CI_4\app\Controllers\Home.php(9): view('home')
#4 C:\laragon\www\CI_4\system\CodeIgniter.php(832): App\Controllers\Home->index()
#5 C:\laragon\www\CI_4\system\CodeIgniter.php(419): CodeIgniter\CodeIgniter->runController(Object(App\Controllers\Home))
#6 C:\laragon\www\CI_4\system\CodeIgniter.php(326): CodeIgniter\CodeIgniter->handleRequest(NULL, Object(Config\Cache), false)
#7 C:\laragon\www\CI_4\public\index.php(37): CodeIgniter\CodeIgniter->run()
#8 C:\laragon\www\CI_4\system\Commands\Server\rewrite.php(43): require_once('C:\\laragon\\www\\...')
#9 {main}
